c:\users\walid\source\repos\dll1\dll1\debug\dll1.pch
c:\users\walid\source\repos\dll1\dll1\debug\vc141.pdb
c:\users\walid\source\repos\dll1\dll1\debug\vc141.idb
c:\users\walid\source\repos\dll1\dll1\debug\stdafx.obj
c:\users\walid\source\repos\dll1\dll1\debug\dll1.obj
c:\users\walid\source\repos\dll1\dll1\debug\dllmain.obj
c:\users\walid\source\repos\dll1\dll1\debug\offsets.obj
c:\users\walid\source\repos\dll1\dll1\debug\player.obj
c:\users\walid\source\repos\dll1\dll1\debug\objectmanager.obj
c:\users\walid\source\repos\dll1\dll1\debug\object.obj
c:\users\walid\source\repos\dll1\dll1\debug\d3dvector.obj
c:\users\walid\source\repos\dll1\debug\dll1.dll
c:\users\walid\source\repos\dll1\debug\dll1.ilk
c:\users\walid\source\repos\dll1\debug\dll1.pdb
c:\users\walid\source\repos\dll1\dll1\debug\dll1.tlog\cl.command.1.tlog
c:\users\walid\source\repos\dll1\dll1\debug\dll1.tlog\cl.read.1.tlog
c:\users\walid\source\repos\dll1\dll1\debug\dll1.tlog\cl.write.1.tlog
c:\users\walid\source\repos\dll1\dll1\debug\dll1.tlog\link.command.1.tlog
c:\users\walid\source\repos\dll1\dll1\debug\dll1.tlog\link.read.1.tlog
c:\users\walid\source\repos\dll1\dll1\debug\dll1.tlog\link.write.1.tlog
